<?xml version="1.0" encoding="UTF-8"?>
<!-- Generated by org.testng.reporters.JUnitReportReporter -->
<testsuite hostname="DESKTOP-3A2H5GC" name="runner.StartFramework" tests="1" failures="0" timestamp="10 Apr 2020 18:47:55 GMT" time="30.823" errors="0">
  <testcase name="testLogin" time="30.823" classname="runner.StartFramework"/>
</testsuite> <!-- runner.StartFramework -->
