<?xml version="1.0" encoding="UTF-8"?>
<!-- Generated by org.testng.reporters.JUnitReportReporter -->
<testsuite hostname="DESKTOP-3A2H5GC" name="runner.StartFramework" tests="1" failures="0" timestamp="11 Apr 2020 18:10:14 GMT" time="56.773" errors="0">
  <testcase name="testLogin" time="56.773" classname="runner.StartFramework"/>
</testsuite> <!-- runner.StartFramework -->
