<?xml version="1.0" encoding="UTF-8"?>
<!-- Generated by org.testng.reporters.JUnitReportReporter -->
<testsuite hostname="DESKTOP-3A2H5GC" name="runner.StartFramework" tests="2" failures="0" timestamp="11 Apr 2020 13:45:05 GMT" time="213.705" errors="0">
  <testcase name="testLogin" time="72.964" classname="runner.StartFramework"/>
  <testcase name="testLogin" time="140.741" classname="runner.StartFramework"/>
</testsuite> <!-- runner.StartFramework -->
