<?xml version="1.0" encoding="UTF-8"?>
<!-- Generated by org.testng.reporters.JUnitReportReporter -->
<testsuite hostname="DESKTOP-3A2H5GC" name="runner.StartFramework" tests="1" failures="0" timestamp="10 Apr 2020 11:06:18 GMT" time="49.953" errors="0">
  <testcase name="testLogin" time="49.953" classname="runner.StartFramework"/>
</testsuite> <!-- runner.StartFramework -->
